<?xml version="1.0" encoding="UTF-8"?>
<!-- Generated by org.testng.reporters.JUnitXMLReporter -->
<testsuite ignored="0" hostname="Aditya-Laptop" failures="0" tests="3" name="Brickworks Test Scripts" time="19.645" errors="0" timestamp="2023-03-20T17:22:21 IST">
  <testcase classname="com.project.skyfall.Brickworks_Website" name="ValidUserLogin" time="0.183"/>
  <testcase classname="com.project.skyfall.Brickworks_Website" name="searchMetMap" time="8.472"/>
  <testcase classname="com.project.skyfall.Brickworks_Website" name="UserLogOut" time="5.355"/>
</testsuite> <!-- Brickworks Test Scripts -->
