<?xml version="1.0" encoding="UTF-8"?>
<!-- Generated by org.testng.reporters.JUnitXMLReporter -->
<testsuite ignored="2" hostname="Aditya-Laptop" failures="0" tests="14" name="Brickworks Test" time="23.191" errors="0" timestamp="2023-04-10T22:36:51 IST">
  <testcase classname="com.project.skyfall.AddMarkerLocationToMap" name="@BeforeTest start" time="22.97">
    <failure type="org.openqa.selenium.TimeoutException" message="timeout: Timed out receiving message from renderer: 18.945
  (Session info: chrome=111.0.5563.147)
Build info: version: &amp;apos;4.7.2&amp;apos;, revision: &amp;apos;4d4020c3b7&amp;apos;
System info: os.name: &amp;apos;Windows 11&amp;apos;, os.arch: &amp;apos;amd64&amp;apos;, os.version: &amp;apos;10.0&amp;apos;, java.version: &amp;apos;17.0.6&amp;apos;
Driver info: org.openqa.selenium.chrome.ChromeDriver
Command: [3d44f50f0ffc32de432ee5548f079767, get {url=https://ces-skyfall-qa-manager.azurewebsites.net/login}]
Capabilities {acceptInsecureCerts: false, browserName: chrome, browserVersion: 111.0.5563.147, chrome: {chromedriverVersion: 111.0.5563.64 (c710e93d5b63..., userDataDir: C:\Users\ADITYA~1\AppData\L...}, goog:chromeOptions: {debuggerAddress: localhost:56341}, networkConnectionEnabled: false, pageLoadStrategy: normal, platformName: WINDOWS, proxy: Proxy(), se:cdp: ws://localhost:56341/devtoo..., se:cdpVersion: 111.0.5563.147, setWindowRect: true, strictFileInteractability: false, timeouts: {implicit: 0, pageLoad: 300000, script: 30000}, unhandledPromptBehavior: dismiss and notify, webauthn:extension:credBlob: true, webauthn:extension:largeBlob: true, webauthn:extension:minPinLength: true, webauthn:extension:prf: true, webauthn:virtualAuthenticators: true}
Session ID: 3d44f50f0ffc32de432ee5548f079767">
      <![CDATA[org.openqa.selenium.TimeoutException: timeout: Timed out receiving message from renderer: 18.945
  (Session info: chrome=111.0.5563.147)
Build info: version: '4.7.2', revision: '4d4020c3b7'
System info: os.name: 'Windows 11', os.arch: 'amd64', os.version: '10.0', java.version: '17.0.6'
Driver info: org.openqa.selenium.chrome.ChromeDriver
Command: [3d44f50f0ffc32de432ee5548f079767, get {url=https://ces-skyfall-qa-manager.azurewebsites.net/login}]
Capabilities {acceptInsecureCerts: false, browserName: chrome, browserVersion: 111.0.5563.147, chrome: {chromedriverVersion: 111.0.5563.64 (c710e93d5b63..., userDataDir: C:\Users\ADITYA~1\AppData\L...}, goog:chromeOptions: {debuggerAddress: localhost:56341}, networkConnectionEnabled: false, pageLoadStrategy: normal, platformName: WINDOWS, proxy: Proxy(), se:cdp: ws://localhost:56341/devtoo..., se:cdpVersion: 111.0.5563.147, setWindowRect: true, strictFileInteractability: false, timeouts: {implicit: 0, pageLoad: 300000, script: 30000}, unhandledPromptBehavior: dismiss and notify, webauthn:extension:credBlob: true, webauthn:extension:largeBlob: true, webauthn:extension:minPinLength: true, webauthn:extension:prf: true, webauthn:virtualAuthenticators: true}
Session ID: 3d44f50f0ffc32de432ee5548f079767
at org.openqa.selenium.remote.codec.w3c.W3CHttpResponseCodec.createException(W3CHttpResponseCodec.java:200)
at org.openqa.selenium.remote.codec.w3c.W3CHttpResponseCodec.decode(W3CHttpResponseCodec.java:133)
at org.openqa.selenium.remote.codec.w3c.W3CHttpResponseCodec.decode(W3CHttpResponseCodec.java:53)
at org.openqa.selenium.remote.HttpCommandExecutor.execute(HttpCommandExecutor.java:184)
at org.openqa.selenium.remote.service.DriverCommandExecutor.invokeExecute(DriverCommandExecutor.java:167)
at org.openqa.selenium.remote.service.DriverCommandExecutor.execute(DriverCommandExecutor.java:142)
at org.openqa.selenium.remote.RemoteWebDriver.execute(RemoteWebDriver.java:535)
at org.openqa.selenium.remote.RemoteWebDriver.get(RemoteWebDriver.java:296)
at com.project.skyfall.AddMarkerLocationToMap.start(AddMarkerLocationToMap.java:47)
... Removed 29 stack frames]]>
    </failure>
  </testcase> <!-- @BeforeTest start -->
  <testcase classname="com.project.skyfall.Brickworks_Website" name="@BeforeTest start" time="0.0">
    <skipped/>
  </testcase> <!-- @BeforeTest start -->
  <testcase classname="com.project.skyfall.TestNG_Annotation" name="@BeforeTest start" time="0.0">
    <skipped/>
  </testcase> <!-- @BeforeTest start -->
  <testcase classname="com.project.skyfall.Brickworks_Website" name="@AfterMethod Aftermethod" time="0.0">
    <skipped/>
  </testcase> <!-- @AfterMethod Aftermethod -->
  <testcase classname="com.project.skyfall.Brickworks_Website" name="@AfterMethod Aftermethod" time="0.0">
    <skipped/>
  </testcase> <!-- @AfterMethod Aftermethod -->
  <testcase classname="com.project.skyfall.Brickworks_Website" name="@AfterMethod Aftermethod" time="0.0">
    <skipped/>
  </testcase> <!-- @AfterMethod Aftermethod -->
  <testcase classname="com.project.skyfall.Brickworks_Website" name="@AfterMethod Aftermethod" time="0.0">
    <skipped/>
  </testcase> <!-- @AfterMethod Aftermethod -->
  <testcase classname="com.project.skyfall.Brickworks_Website" name="@AfterMethod Aftermethod" time="0.0">
    <skipped/>
  </testcase> <!-- @AfterMethod Aftermethod -->
  <testcase classname="com.project.skyfall.Brickworks_Login_LogOut" name="@BeforeMethod setup" time="0.0">
    <skipped/>
  </testcase> <!-- @BeforeMethod setup -->
  <testcase classname="com.project.skyfall.Brickworks_Login_LogOut" name="@AfterMethod tearDown" time="0.0">
    <skipped/>
  </testcase> <!-- @AfterMethod tearDown -->
  <testcase classname="com.project.skyfall.Brickworks_Login_LogOut" name="@BeforeMethod setup" time="0.0">
    <skipped/>
  </testcase> <!-- @BeforeMethod setup -->
  <testcase classname="com.project.skyfall.Brickworks_Login_LogOut" name="@AfterMethod tearDown" time="0.0">
    <skipped/>
  </testcase> <!-- @AfterMethod tearDown -->
  <testcase classname="com.project.skyfall.TestNG_Annotation" name="@BeforeClass beforeClass" time="0.0">
    <skipped/>
  </testcase> <!-- @BeforeClass beforeClass -->
  <testcase classname="com.project.skyfall.TestNG_Annotation" name="@BeforeMethod beforeMethod" time="0.0">
    <skipped/>
  </testcase> <!-- @BeforeMethod beforeMethod -->
  <testcase classname="com.project.skyfall.TestNG_Annotation" name="@AfterMethod UserLogOut" time="0.0">
    <skipped/>
  </testcase> <!-- @AfterMethod UserLogOut -->
  <testcase classname="com.project.skyfall.TestNG_Annotation" name="@BeforeMethod beforeMethod" time="0.0">
    <skipped/>
  </testcase> <!-- @BeforeMethod beforeMethod -->
  <testcase classname="com.project.skyfall.TestNG_Annotation" name="@AfterMethod UserLogOut" time="0.0">
    <skipped/>
  </testcase> <!-- @AfterMethod UserLogOut -->
  <testcase classname="com.project.skyfall.TestNG_Annotation" name="@BeforeMethod beforeMethod" time="0.0">
    <skipped/>
  </testcase> <!-- @BeforeMethod beforeMethod -->
  <testcase classname="com.project.skyfall.TestNG_Annotation" name="@AfterMethod UserLogOut" time="0.0">
    <skipped/>
  </testcase> <!-- @AfterMethod UserLogOut -->
  <testcase classname="com.project.skyfall.TestNG_Annotation" name="@AfterClass afterClass" time="0.0">
    <skipped/>
  </testcase> <!-- @AfterClass afterClass -->
  <testcase classname="com.project.skyfall.TestNG_Annotation" name="@AfterTest afterTest" time="0.0">
    <skipped/>
  </testcase> <!-- @AfterTest afterTest -->
  <testcase classname="com.project.skyfall.Registeration" name="startRegistration" time="0.0">
    <skipped/>
  </testcase> <!-- startRegistration -->
  <testcase classname="com.project.skyfall.Brickworks_Website" name="verifyProductNamePageTitle" time="0.0">
    <skipped/>
  </testcase> <!-- verifyProductNamePageTitle -->
  <testcase classname="com.project.skyfall.Brickworks_Website" name="ValidUserLogin" time="0.0">
    <skipped/>
  </testcase> <!-- ValidUserLogin -->
  <testcase classname="com.project.skyfall.Brickworks_Website" name="searchMetMap" time="0.0">
    <skipped/>
  </testcase> <!-- searchMetMap -->
  <testcase classname="com.project.skyfall.Brickworks_Website" name="CreateMarker" time="0.0">
    <skipped/>
  </testcase> <!-- CreateMarker -->
  <testcase classname="com.project.skyfall.Brickworks_Website" name="UserLogOut" time="0.0">
    <skipped/>
  </testcase> <!-- UserLogOut -->
  <testcase classname="com.project.skyfall.AddMarkerLocationToMap" name="ValidUserLogin" time="0.0">
    <skipped/>
  </testcase> <!-- ValidUserLogin -->
  <testcase classname="com.project.skyfall.AddMarkerLocationToMap" name="searchMetMap" time="0.008">
    <skipped/>
  </testcase> <!-- searchMetMap -->
  <testcase classname="com.project.skyfall.AddMarkerLocationToMap" name="addmarker" time="0.0">
    <skipped/>
  </testcase> <!-- addmarker -->
  <testcase classname="com.project.skyfall.Brickworks_Login_LogOut" name="UserLogin" time="0.0">
    <skipped/>
  </testcase> <!-- UserLogin -->
  <testcase classname="com.project.skyfall.Brickworks_Login_LogOut" name="UserLogOut" time="0.0">
    <skipped/>
  </testcase> <!-- UserLogOut -->
  <testcase classname="com.project.skyfall.TestNG_Annotation" name="LoginTest" time="0.0">
    <skipped/>
  </testcase> <!-- LoginTest -->
  <testcase classname="com.project.skyfall.TestNG_Annotation" name="MapSelectionPage" time="0.0">
    <skipped/>
  </testcase> <!-- MapSelectionPage -->
  <testcase classname="com.project.skyfall.TestNG_Annotation" name="RegistrationTest" time="0.0">
    <skipped/>
  </testcase> <!-- RegistrationTest -->
  <testcase classname="com.project.skyfall.TestNG_Annotation" name="ValidLoginCredentials" time="0.0">
    <ignored/>
  </testcase> <!-- ValidLoginCredentials -->
  <testcase classname="com.project.skyfall.Brickworks_Website" name="InValidUserLogin" time="0.0">
    <ignored/>
  </testcase> <!-- InValidUserLogin -->
</testsuite> <!-- Brickworks Test -->
