<?xml version="1.0" encoding="UTF-8"?>
<!-- Generated by org.testng.reporters.JUnitXMLReporter -->
<testsuite ignored="1" hostname="Aditya-Laptop" failures="0" tests="3" name="Default test" time="0.045" errors="0" timestamp="2023-03-26T12:18:05 IST">
  <testcase classname="com.project.skyfall.TestNG_Annotation" name="LoginTest" time="0.004"/>
  <testcase classname="com.project.skyfall.TestNG_Annotation" name="MapSelectionPage" time="0.001"/>
  <testcase classname="com.project.skyfall.TestNG_Annotation" name="RegistrationTest" time="0.001"/>
  <testcase classname="com.project.skyfall.TestNG_Annotation" name="ValidLoginCredentials" time="0.0">
    <ignored/>
  </testcase> <!-- ValidLoginCredentials -->
</testsuite> <!-- Default test -->
