<?xml version="1.0" encoding="UTF-8"?>
<!-- Generated by org.testng.reporters.JUnitXMLReporter -->
<testsuite ignored="2" hostname="Aditya-Laptop" failures="1" tests="12" name="Test" time="120.024" errors="0" timestamp="2023-03-23T18:11:22 IST">
  <testcase classname="com.project.skyfall.Brickworks_Login_LogOut" name="@BeforeMethod setup" time="1.016">
    <failure type="org.openqa.selenium.remote.http.ConnectionFailedException" message="Unable to establish websocket connection to http://localhost:63400/devtools/browser/e16268c7-1445-4276-85c3-65539ac71178
Build info: version: &amp;apos;4.7.2&amp;apos;, revision: &amp;apos;4d4020c3b7&amp;apos;
System info: os.name: &amp;apos;Windows 11&amp;apos;, os.arch: &amp;apos;amd64&amp;apos;, os.version: &amp;apos;10.0&amp;apos;, java.version: &amp;apos;17.0.6&amp;apos;
Driver info: driver.version: ChromeDriver">
      <![CDATA[org.openqa.selenium.remote.http.ConnectionFailedException: Unable to establish websocket connection to http://localhost:63400/devtools/browser/e16268c7-1445-4276-85c3-65539ac71178
Build info: version: '4.7.2', revision: '4d4020c3b7'
System info: os.name: 'Windows 11', os.arch: 'amd64', os.version: '10.0', java.version: '17.0.6'
Driver info: driver.version: ChromeDriver
at org.openqa.selenium.remote.http.netty.NettyWebSocket.<init>(NettyWebSocket.java:102)
at org.openqa.selenium.remote.http.netty.NettyWebSocket.lambda$create$3(NettyWebSocket.java:128)
at org.openqa.selenium.remote.http.netty.NettyClient.openSocket(NettyClient.java:107)
at org.openqa.selenium.devtools.Connection.<init>(Connection.java:78)
at org.openqa.selenium.chromium.ChromiumDriver.lambda$new$2(ChromiumDriver.java:116)
at java.base/java.util.Optional.map(Optional.java:260)
at org.openqa.selenium.chromium.ChromiumDriver.<init>(ChromiumDriver.java:114)
at org.openqa.selenium.chrome.ChromeDriver.<init>(ChromeDriver.java:82)
at org.openqa.selenium.chrome.ChromeDriver.<init>(ChromeDriver.java:50)
at com.brickworks.qa.base.Base.initializeBrowserAndOpenApplicationURL(Base.java:20)
at com.project.skyfall.Brickworks_Login_LogOut.setup(Brickworks_Login_LogOut.java:27)
at java.base/java.util.ArrayList.forEach(ArrayList.java:1511)
... Removed 31 stack frames]]>
    </failure>
  </testcase> <!-- @BeforeMethod setup -->
  <testcase classname="com.project.skyfall.Brickworks_Login_LogOut" name="@AfterMethod tearDown" time="0.0">
    <skipped/>
  </testcase> <!-- @AfterMethod tearDown -->
  <testcase classname="com.project.skyfall.Registeration" name="startRegistration" time="30.621"/>
  <testcase classname="com.project.skyfall.Brickworks_Website" name="ValidUserLogin" time="0.419"/>
  <testcase classname="com.project.skyfall.Brickworks_Website" name="searchMetMap" time="10.311"/>
  <testcase classname="com.project.skyfall.Brickworks_Website" name="CreateMarker" time="24.83"/>
  <testcase classname="com.project.skyfall.Brickworks_Website" name="UserLogOut" time="5.016"/>
  <testcase classname="com.project.skyfall.AddMarkerLocationToMap" name="ValidUserLogin" time="0.417"/>
  <testcase classname="com.project.skyfall.AddMarkerLocationToMap" name="searchMetMap" time="10.702"/>
  <testcase classname="com.project.skyfall.AddMarkerLocationToMap" name="addmarker" time="19.391">
    <failure type="org.openqa.selenium.ElementNotInteractableException" message="element not interactable
  (Session info: chrome=111.0.5563.65)
Build info: version: &amp;apos;4.7.2&amp;apos;, revision: &amp;apos;4d4020c3b7&amp;apos;
System info: os.name: &amp;apos;Windows 11&amp;apos;, os.arch: &amp;apos;amd64&amp;apos;, os.version: &amp;apos;10.0&amp;apos;, java.version: &amp;apos;17.0.6&amp;apos;
Driver info: org.openqa.selenium.chrome.ChromeDriver
Command: [62c7d51909ffaf528e6e28078f2cbea4, clickElement {id=7760e6ab-0a34-4512-8524-aa39a224eccc}]
Capabilities {acceptInsecureCerts: false, browserName: chrome, browserVersion: 111.0.5563.65, chrome: {chromedriverVersion: 111.0.5563.64 (c710e93d5b63..., userDataDir: C:\Users\ADITYA~1\AppData\L...}, goog:chromeOptions: {debuggerAddress: localhost:63223}, networkConnectionEnabled: false, pageLoadStrategy: normal, platformName: WINDOWS, proxy: Proxy(), se:cdp: ws://localhost:63223/devtoo..., se:cdpVersion: 111.0.5563.65, setWindowRect: true, strictFileInteractability: false, timeouts: {implicit: 0, pageLoad: 300000, script: 30000}, unhandledPromptBehavior: dismiss and notify, webauthn:extension:credBlob: true, webauthn:extension:largeBlob: true, webauthn:extension:minPinLength: true, webauthn:extension:prf: true, webauthn:virtualAuthenticators: true}
Element: [[ChromeDriver: chrome on WINDOWS (62c7d51909ffaf528e6e28078f2cbea4)] -&amp;gt; xpath: //div[@class=&amp;apos;content-row&amp;apos;][1]]
Session ID: 62c7d51909ffaf528e6e28078f2cbea4">
      <![CDATA[org.openqa.selenium.ElementNotInteractableException: element not interactable
  (Session info: chrome=111.0.5563.65)
Build info: version: '4.7.2', revision: '4d4020c3b7'
System info: os.name: 'Windows 11', os.arch: 'amd64', os.version: '10.0', java.version: '17.0.6'
Driver info: org.openqa.selenium.chrome.ChromeDriver
Command: [62c7d51909ffaf528e6e28078f2cbea4, clickElement {id=7760e6ab-0a34-4512-8524-aa39a224eccc}]
Capabilities {acceptInsecureCerts: false, browserName: chrome, browserVersion: 111.0.5563.65, chrome: {chromedriverVersion: 111.0.5563.64 (c710e93d5b63..., userDataDir: C:\Users\ADITYA~1\AppData\L...}, goog:chromeOptions: {debuggerAddress: localhost:63223}, networkConnectionEnabled: false, pageLoadStrategy: normal, platformName: WINDOWS, proxy: Proxy(), se:cdp: ws://localhost:63223/devtoo..., se:cdpVersion: 111.0.5563.65, setWindowRect: true, strictFileInteractability: false, timeouts: {implicit: 0, pageLoad: 300000, script: 30000}, unhandledPromptBehavior: dismiss and notify, webauthn:extension:credBlob: true, webauthn:extension:largeBlob: true, webauthn:extension:minPinLength: true, webauthn:extension:prf: true, webauthn:virtualAuthenticators: true}
Element: [[ChromeDriver: chrome on WINDOWS (62c7d51909ffaf528e6e28078f2cbea4)] -> xpath: //div[@class='content-row'][1]]
Session ID: 62c7d51909ffaf528e6e28078f2cbea4
at org.openqa.selenium.remote.codec.w3c.W3CHttpResponseCodec.createException(W3CHttpResponseCodec.java:200)
at org.openqa.selenium.remote.codec.w3c.W3CHttpResponseCodec.decode(W3CHttpResponseCodec.java:133)
at org.openqa.selenium.remote.codec.w3c.W3CHttpResponseCodec.decode(W3CHttpResponseCodec.java:53)
at org.openqa.selenium.remote.HttpCommandExecutor.execute(HttpCommandExecutor.java:184)
at org.openqa.selenium.remote.service.DriverCommandExecutor.invokeExecute(DriverCommandExecutor.java:167)
at org.openqa.selenium.remote.service.DriverCommandExecutor.execute(DriverCommandExecutor.java:142)
at org.openqa.selenium.remote.RemoteWebDriver.execute(RemoteWebDriver.java:535)
at org.openqa.selenium.remote.RemoteWebElement.execute(RemoteWebElement.java:257)
at org.openqa.selenium.remote.RemoteWebElement.click(RemoteWebElement.java:78)
at com.project.skyfall.AddMarkerLocationToMap.addmarker(AddMarkerLocationToMap.java:104)
at java.base/java.util.ArrayList.forEach(ArrayList.java:1511)
... Removed 32 stack frames]]>
    </failure>
  </testcase> <!-- addmarker -->
  <testcase classname="com.project.skyfall.Brickworks_Login_LogOut" name="UserLogin" time="0.0">
    <skipped/>
  </testcase> <!-- UserLogin -->
  <testcase classname="com.project.skyfall.TestNG_Annotation" name="LoginTest" time="0.0"/>
  <testcase classname="com.project.skyfall.TestNG_Annotation" name="MapSelectionPage" time="0.008"/>
  <testcase classname="com.project.skyfall.TestNG_Annotation" name="RegistrationTest" time="0.0"/>
  <testcase classname="com.project.skyfall.TestNG_Annotation" name="ValidLoginCredentials" time="0.0">
    <ignored/>
  </testcase> <!-- ValidLoginCredentials -->
  <testcase classname="com.project.skyfall.Brickworks_Website" name="InValidUserLogin" time="0.0">
    <ignored/>
  </testcase> <!-- InValidUserLogin -->
</testsuite> <!-- Test -->
