<?xml version="1.0" encoding="UTF-8"?>
<testng-results ignored="1" total="3" passed="2" failed="0" skipped="0">
  <reporter-output>
  </reporter-output>
  <suite started-at="2023-03-17T16:57:21 IST" name="Default suite" finished-at="2023-03-17T16:57:35 IST" duration-ms="14432">
    <groups>
    </groups>
    <test started-at="2023-03-17T16:57:21 IST" name="Default test" finished-at="2023-03-17T16:57:35 IST" duration-ms="14432">
      <class name="com.project.skyfall.Brickworks_Website">
        <test-method is-config="true" signature="start()[pri:0, instance:com.project.skyfall.Brickworks_Website@5f8e8a9d]" started-at="2023-03-17T16:57:21 IST" name="start" finished-at="2023-03-17T16:57:26 IST" duration-ms="5674" status="PASS">
          <reporter-output>
          </reporter-output>
        </test-method> <!-- start -->
        <test-method signature="UserLogin()[pri:1, instance:com.project.skyfall.Brickworks_Website@5f8e8a9d]" started-at="2023-03-17T16:57:26 IST" name="UserLogin" finished-at="2023-03-17T16:57:27 IST" duration-ms="191" status="PASS">
          <reporter-output>
          </reporter-output>
        </test-method> <!-- UserLogin -->
        <test-method signature="searchMetMap()[pri:2, instance:com.project.skyfall.Brickworks_Website@5f8e8a9d]" started-at="2023-03-17T16:57:27 IST" name="searchMetMap" finished-at="2023-03-17T16:57:35 IST" duration-ms="8539" status="PASS">
          <reporter-output>
          </reporter-output>
        </test-method> <!-- searchMetMap -->
      </class> <!-- com.project.skyfall.Brickworks_Website -->
    </test> <!-- Default test -->
  </suite> <!-- Default suite -->
</testng-results>
